#
# A fatal error has been detected by the Java Runtime Environment:
#
#  EXCEPTION_ACCESS_VIOLATION (0xc0000005) at pc=0x00007ff8249eb098, pid=24988, tid=27624
#
# JRE version: OpenJDK Runtime Environment (16.0.1+9) (build 16.0.1+9-24)
# Java VM: OpenJDK 64-Bit Server VM (16.0.1+9-24, mixed mode, tiered, compressed oops, compressed class ptrs, g1 gc, windows-amd64)
# Problematic frame:
# V  [jvm.dll+0x23b098]
#
# No core dump will be written. Minidumps are not enabled by default on client versions of Windows
#
# If you would like to submit a bug report, please visit:
#   https://bugreport.java.com/bugreport/crash.jsp
#

---------------  S U M M A R Y ------------

Command Line: -XX:+ShowCodeDetailsInExceptionMessages -agentlib:jdwp=transport=dt_socket,suspend=y,address=localhost:50662 -javaagent:D:\eclipse-jee-2021-06-R-win32-x86_64\eclipse\configuration\org.eclipse.osgi\415\0\.cp\lib\javaagent-shaded.jar -Dfile.encoding=UTF-8 com.creek.catering.CateringApplication

Host: 11th Gen Intel(R) Core(TM) i7-1185G7 @ 3.00GHz, 8 cores, 15G,  Windows 10 , 64 bit Build 22000 (10.0.22000.708)
Time: Fri Sep 23 08:09:27 2022 India Standard Time elapsed time: 88.082601 seconds (0d 0h 1m 28s)

---------------  T H R E A D  ---------------

Current thread (0x000001d7afc31410):  VMThread "VM Thread" [stack: 0x000000d40ca00000,0x000000d40cb00000] [id=27624]

Stack: [0x000000d40ca00000,0x000000d40cb00000],  sp=0x000000d40caff460,  free space=1021k
Native frames: (J=compiled Java code, j=interpreted, Vv=VM code, C=native code)
V  [jvm.dll+0x23b098]
V  [jvm.dll+0x61f220]
V  [jvm.dll+0x61fc8f]
V  [jvm.dll+0x52472d]
V  [jvm.dll+0x52832f]
V  [jvm.dll+0x525dfb]
V  [jvm.dll+0x7d05eb]
V  [jvm.dll+0x7d12e4]
V  [jvm.dll+0x7d17e9]
V  [jvm.dll+0x7d1aa4]
V  [jvm.dll+0x7d1b70]
V  [jvm.dll+0x779b4a]
V  [jvm.dll+0x667666]
C  [ucrtbase.dll+0x26c0c]
C  [KERNEL32.dll+0x154e0]
C  [ntdll.dll+0x485b]


siginfo: EXCEPTION_ACCESS_VIOLATION (0xc0000005), reading address 0x000001d7ba1b0ad2


Register to memory mapping:

RIP=0x00007ff8249eb098 jvm.dll
RAX=0x0000000000000101 is an unknown value
RBX=0x000001d7ba152308 is pointing into metadata
RCX=0x000000000000bcf0 is an unknown value
RDX=0x000000000000ffff is an unknown value
RSP=0x000000d40caff460 points into unknown readable memory: 0x000001d7b1cf6b00 | 00 6b cf b1 d7 01 00 00
RBP=0x000000d40caff559 points into unknown readable memory: 14 c3 af d7 01 00 00
RSI=0x000000000000ffff is an unknown value
RDI=0x0000000000000101 is an unknown value
R8 ={method} {0x000001d7b4365cf8} 'allToppings' '()Ljava/util/HashMap;' in 'com/creek/catering/controllers/MenuController'
R9 =0x0000000000000003 is an unknown value
R10=0x000001d7afc1def0 points into unknown readable memory: 0x0000001e00000002 | 02 00 00 00 1e 00 00 00
R11={method} {0x000001d7b4365cf8} 'allToppings' '()Ljava/util/HashMap;' in 'com/creek/catering/controllers/MenuController'
R12=0x0000000000000020 is an unknown value
R13={method} {0x000001d7ba153510} 'allToppings' '()Ljava/util/HashMap;' in 'com/creek/catering/controllers/MenuController'
R14=0x000001d7b4365c18 is pointing into metadata
R15=0x00007ff8247b0000 jvm.dll


Registers:
RAX=0x0000000000000101, RBX=0x000001d7ba152308, RCX=0x000000000000bcf0, RDX=0x000000000000ffff
RSP=0x000000d40caff460, RBP=0x000000d40caff559, RSI=0x000000000000ffff, RDI=0x0000000000000101
R8 =0x000001d7b4365cf0, R9 =0x0000000000000003, R10=0x000001d7afc1def0, R11=0x000001d7b4365cf0
R12=0x0000000000000020, R13=0x000001d7ba153508, R14=0x000001d7b4365c18, R15=0x00007ff8247b0000
RIP=0x00007ff8249eb098, EFLAGS=0x0000000000010206

Top of Stack: (sp=0x000000d40caff460)
0x000000d40caff460:   000001d7b1cf6b00 000001d78e330000
0x000000d40caff470:   000001d7b9b7dda8 0000000000000012
0x000000d40caff480:   0000000000000008 00007ff824dcf220
0x000000d40caff490:   00000000000000b8 0000000000000004
0x000000d40caff4a0:   0000000000000043 000000d40caff559
0x000000d40caff4b0:   000000d40caff520 00007ff8248d52ae
0x000000d40caff4c0:   000001d7b4365cf0 000001d7b9b7dda8
0x000000d40caff4d0:   00000008000000e6 000001d7b4366040
0x000000d40caff4e0:   00000000000000b8 00007ff824dcfc8f
0x000000d40caff4f0:   00000000000000b8 000000d40caff559
0x000000d40caff500:   00000000000000b8 0000000000000018
0x000000d40caff510:   000001d7b4365cf0 000001d7afc31410
0x000000d40caff520:   000001d7b4365cf0 000001d7afc31410
0x000000d40caff530:   0000000300000000 000000b80000005e
0x000000d40caff540:   00000008004d0000 000000d4000000b8
0x000000d40caff550:   000001d7ba153508 000001d7afc31410 

Instructions: (pc=0x00007ff8249eb098)
0x00007ff8249eaf98:   85 d2 79 24 4c 8d 0d 3d 88 69 00 ba b4 02 00 00
0x00007ff8249eafa8:   4c 8d 05 69 88 69 00 48 8d 0d d2 87 69 00 e8 d5
0x00007ff8249eafb8:   7d 00 00 e8 80 d3 42 00 48 8b 57 10 48 85 d2 74
0x00007ff8249eafc8:   0f 48 8d 43 01 48 c1 e0 05 48 8b 04 10 0f b7 d8
0x00007ff8249eafd8:   48 63 c3 48 8d 54 24 40 48 89 7c 24 20 48 89 74
0x00007ff8249eafe8:   24 28 48 8b 8e 88 02 00 00 8b 5c c7 48 48 89 7c
0x00007ff8249eaff8:   24 40 e8 01 f7 dc ff 0f b7 d3 48 8d 4c 24 20 4c
0x00007ff8249eb008:   8b ce 41 b0 01 e8 ae fb ff ff 48 8d 4c 24 20 48
0x00007ff8249eb018:   8b d8 e8 f1 72 10 00 48 8b 74 24 50 48 8b c3 48
0x00007ff8249eb028:   8b 5c 24 48 48 83 c4 30 5f c3 cc cc cc cc cc cc
0x00007ff8249eb038:   cc cc cc cc cc cc cc cc 48 89 5c 24 08 57 48 83
0x00007ff8249eb048:   ec 20 48 63 fa 48 8b d9 85 d2 79 24 4c 8d 0d 85
0x00007ff8249eb058:   87 69 00 ba b4 02 00 00 4c 8d 05 b1 87 69 00 48
0x00007ff8249eb068:   8d 0d 1a 87 69 00 e8 1d 7d 00 00 e8 c8 d2 42 00
0x00007ff8249eb078:   48 8b 4b 10 48 85 c9 74 0f 48 8d 47 01 48 c1 e0
0x00007ff8249eb088:   05 48 8b 04 08 0f b7 f8 48 63 c7 0f b7 4c c3 48
0x00007ff8249eb098:   0f b7 44 cb 4a 48 8b 44 c3 48 48 8b 5c 24 30 48
0x00007ff8249eb0a8:   83 c4 20 5f c3 cc cc cc 48 8b 49 20 48 8b 09 e9
0x00007ff8249eb0b8:   24 5e 00 00 cc cc cc cc 4c 8b 41 20 4d 8b 00 e9
0x00007ff8249eb0c8:   54 02 00 00 cc cc cc cc 48 89 5c 24 18 56 57 41
0x00007ff8249eb0d8:   56 48 83 ec 20 48 83 3d db b8 88 00 00 4c 8b f2
0x00007ff8249eb0e8:   48 8b f9 74 0f 48 8b d1 48 8d 0d 69 86 69 00 e8
0x00007ff8249eb0f8:   84 e1 e6 ff 45 33 c0 41 8d 50 17 8d 4a 11 e8 85
0x00007ff8249eb108:   d5 e6 ff 33 db 48 85 c0 74 22 48 8d 0d cf 7c 66
0x00007ff8249eb118:   00 89 58 08 48 89 08 48 8d 4f 08 48 89 48 20 88
0x00007ff8249eb128:   58 0c 48 89 58 10 48 89 58 18 eb 03 48 8b c3 48
0x00007ff8249eb138:   8b d0 49 8b ce e8 9e 61 3d 00 45 33 c0 41 8d 50
0x00007ff8249eb148:   17 8d 4a 11 e8 3f d5 e6 ff 48 85 c0 74 27 48 8d
0x00007ff8249eb158:   0d 13 8b 69 00 c7 40 08 02 00 00 00 48 89 08 48
0x00007ff8249eb168:   8d 4f 10 48 89 48 20 c6 40 0c 00 48 89 58 10 48
0x00007ff8249eb178:   89 58 18 eb 03 48 8b c3 48 8b d0 49 8b ce e8 55
0x00007ff8249eb188:   61 3d 00 45 33 c0 41 8d 50 17 8d 4a 11 e8 f6 d4 


Stack slot to memory mapping:
stack at sp + 0 slots: 0x000001d7b1cf6b00 points into unknown readable memory: 0x000001d78e331800 | 00 18 33 8e d7 01 00 00
stack at sp + 1 slots: 0x000001d78e330000 points into unknown readable memory: 0x0000000000000000 | 00 00 00 00 00 00 00 00
stack at sp + 2 slots: 0x000001d7b9b7dda8 is pointing into metadata
stack at sp + 3 slots: 0x0000000000000012 is an unknown value
stack at sp + 4 slots: 0x0000000000000008 is an unknown value
stack at sp + 5 slots: 0x00007ff824dcf220 jvm.dll
stack at sp + 6 slots: 0x00000000000000b8 is an unknown value
stack at sp + 7 slots: 0x0000000000000004 is an unknown value

VM_Operation (0x000000d40d6ff530): RedefineClasses, mode: safepoint, requested by thread 0x000001d7aff2a100, redefining class com.creek.catering.controllers.MenuController



---------------  P R O C E S S  ---------------

Threads class SMR info:
_java_thread_list=0x000001d7b893fa70, length=30, elements={
0x000001d7afc44260, 0x000001d7afc44e60, 0x000001d7af0fe9b0, 0x000001d7afc7c040,
0x000001d7afc7ca40, 0x000001d7afc6fa80, 0x000001d7afc72870, 0x000001d7afc77040,
0x000001d7afc77690, 0x000001d7af0a88f0, 0x000001d7aff2a100, 0x000001d7aff2c1f0,
0x000001d7aff2cb30, 0x000001d7afffc780, 0x000001d7b746f3a0, 0x000001d7b7472370,
0x000001d7b74708e0, 0x000001d7b7470e30, 0x000001d7b7470390, 0x000001d7b74718d0,
0x000001d7b746f8f0, 0x000001d7b7471380, 0x000001d7b7471e20, 0x000001d7b746fe40,
0x000001d7b8b67520, 0x000001d7b8b63010, 0x000001d7b8b63560, 0x000001d7b8b65a90,
0x000001d7b8b62ac0, 0x000001d7b8b65fe0
}

Java Threads: ( => current thread )
  0x000001d7afc44260 JavaThread "Reference Handler" daemon [_thread_blocked, id=26136, stack(0x000000d40cb00000,0x000000d40cc00000)]
  0x000001d7afc44e60 JavaThread "Finalizer" daemon [_thread_blocked, id=17972, stack(0x000000d40cc00000,0x000000d40cd00000)]
  0x000001d7af0fe9b0 JavaThread "Signal Dispatcher" daemon [_thread_blocked, id=23692, stack(0x000000d40cd00000,0x000000d40ce00000)]
  0x000001d7afc7c040 JavaThread "Attach Listener" daemon [_thread_blocked, id=7320, stack(0x000000d40ce00000,0x000000d40cf00000)]
  0x000001d7afc7ca40 JavaThread "Service Thread" daemon [_thread_blocked, id=27000, stack(0x000000d40cf00000,0x000000d40d000000)]
  0x000001d7afc6fa80 JavaThread "Monitor Deflation Thread" daemon [_thread_blocked, id=14564, stack(0x000000d40d000000,0x000000d40d100000)]
  0x000001d7afc72870 JavaThread "C2 CompilerThread0" daemon [_thread_blocked, id=25800, stack(0x000000d40d100000,0x000000d40d200000)]
  0x000001d7afc77040 JavaThread "C1 CompilerThread0" daemon [_thread_blocked, id=19672, stack(0x000000d40d200000,0x000000d40d300000)]
  0x000001d7afc77690 JavaThread "Sweeper thread" daemon [_thread_blocked, id=7272, stack(0x000000d40d300000,0x000000d40d400000)]
  0x000001d7af0a88f0 JavaThread "Common-Cleaner" daemon [_thread_blocked, id=20800, stack(0x000000d40d400000,0x000000d40d500000)]
  0x000001d7aff2a100 JavaThread "JDWP Transport Listener: dt_socket" daemon [_thread_blocked, id=26196, stack(0x000000d40d600000,0x000000d40d700000)]
  0x000001d7aff2c1f0 JavaThread "JDWP Event Helper Thread" daemon [_thread_blocked, id=25104, stack(0x000000d40d700000,0x000000d40d800000)]
  0x000001d7aff2cb30 JavaThread "JDWP Command Reader" daemon [_thread_in_native, id=25468, stack(0x000000d40d800000,0x000000d40d900000)]
  0x000001d7afffc780 JavaThread "Notification Thread" daemon [_thread_blocked, id=12336, stack(0x000000d40d900000,0x000000d40da00000)]
  0x000001d7b746f3a0 JavaThread "Catalina-utility-1" [_thread_blocked, id=19208, stack(0x000000d40e300000,0x000000d40e400000)]
  0x000001d7b7472370 JavaThread "Catalina-utility-2" [_thread_blocked, id=11996, stack(0x000000d40e500000,0x000000d40e600000)]
  0x000001d7b74708e0 JavaThread "container-0" [_thread_blocked, id=25496, stack(0x000000d40e600000,0x000000d40e700000)]
  0x000001d7b7470e30 JavaThread "http-nio-8080-exec-1" daemon [_thread_blocked, id=26976, stack(0x000000d40e700000,0x000000d40e800000)]
  0x000001d7b7470390 JavaThread "http-nio-8080-exec-2" daemon [_thread_blocked, id=21604, stack(0x000000d40e800000,0x000000d40e900000)]
  0x000001d7b74718d0 JavaThread "http-nio-8080-exec-3" daemon [_thread_blocked, id=5148, stack(0x000000d40e900000,0x000000d40ea00000)]
  0x000001d7b746f8f0 JavaThread "http-nio-8080-exec-4" daemon [_thread_blocked, id=8424, stack(0x000000d40ea00000,0x000000d40eb00000)]
  0x000001d7b7471380 JavaThread "http-nio-8080-exec-5" daemon [_thread_blocked, id=25556, stack(0x000000d40eb00000,0x000000d40ec00000)]
  0x000001d7b7471e20 JavaThread "http-nio-8080-exec-6" daemon [_thread_blocked, id=19576, stack(0x000000d40ec00000,0x000000d40ed00000)]
  0x000001d7b746fe40 JavaThread "http-nio-8080-exec-7" daemon [_thread_blocked, id=22112, stack(0x000000d40ed00000,0x000000d40ee00000)]
  0x000001d7b8b67520 JavaThread "http-nio-8080-exec-8" daemon [_thread_blocked, id=24272, stack(0x000000d40ee00000,0x000000d40ef00000)]
  0x000001d7b8b63010 JavaThread "http-nio-8080-exec-9" daemon [_thread_blocked, id=9088, stack(0x000000d40ef00000,0x000000d40f000000)]
  0x000001d7b8b63560 JavaThread "http-nio-8080-exec-10" daemon [_thread_blocked, id=6584, stack(0x000000d40f000000,0x000000d40f100000)]
  0x000001d7b8b65a90 JavaThread "http-nio-8080-Poller" daemon [_thread_in_native, id=23696, stack(0x000000d40f100000,0x000000d40f200000)]
  0x000001d7b8b62ac0 JavaThread "http-nio-8080-Acceptor" daemon [_thread_in_native, id=11484, stack(0x000000d40f200000,0x000000d40f300000)]
  0x000001d7b8b65fe0 JavaThread "DestroyJavaVM" [_thread_blocked, id=26948, stack(0x000000d40c400000,0x000000d40c500000)]

Other Threads:
=>0x000001d7afc31410 VMThread "VM Thread" [stack: 0x000000d40ca00000,0x000000d40cb00000] [id=27624]
  0x000001d78e6f61b0 WatcherThread [stack: 0x000000d40da00000,0x000000d40db00000] [id=12276]
  0x000001d78e745f20 GCTaskThread "GC Thread#0" [stack: 0x000000d40c500000,0x000000d40c600000] [id=18504]
  0x000001d7b1598ed0 GCTaskThread "GC Thread#1" [stack: 0x000000d40db00000,0x000000d40dc00000] [id=22000]
  0x000001d7b0a7e030 GCTaskThread "GC Thread#2" [stack: 0x000000d40dc00000,0x000000d40dd00000] [id=23100]
  0x000001d7b0a83c50 GCTaskThread "GC Thread#3" [stack: 0x000000d40dd00000,0x000000d40de00000] [id=23228]
  0x000001d7b14abe30 GCTaskThread "GC Thread#4" [stack: 0x000000d40de00000,0x000000d40df00000] [id=10804]
  0x000001d7b15306a0 GCTaskThread "GC Thread#5" [stack: 0x000000d40df00000,0x000000d40e000000] [id=1652]
  0x000001d7b0b380d0 GCTaskThread "GC Thread#6" [stack: 0x000000d40e000000,0x000000d40e100000] [id=3176]
  0x000001d7b0b383e0 GCTaskThread "GC Thread#7" [stack: 0x000000d40e100000,0x000000d40e200000] [id=25964]
  0x000001d78e758f50 ConcurrentGCThread "G1 Main Marker" [stack: 0x000000d40c600000,0x000000d40c700000] [id=26308]
  0x000001d78e759a40 ConcurrentGCThread "G1 Conc#0" [stack: 0x000000d40c700000,0x000000d40c800000] [id=21180]
  0x000001d7b5933010 ConcurrentGCThread "G1 Conc#1" [stack: 0x000000d40e400000,0x000000d40e500000] [id=24512]
  0x000001d78e7b0900 ConcurrentGCThread "G1 Refine#0" [stack: 0x000000d40c800000,0x000000d40c900000] [id=25648]
  0x000001d7aef84a30 ConcurrentGCThread "G1 Service" [stack: 0x000000d40c900000,0x000000d40ca00000] [id=27192]

Threads with active compile tasks:

VM state: at safepoint (normal execution)

VM Mutex/Monitor currently owned by a thread:  ([mutex/lock_event])
[0x000001d78e6e9250] Threads_lock - owner thread: 0x000001d7afc31410

Heap address: 0x0000000704400000, size: 4028 MB, Compressed Oops mode: Zero based, Oop shift amount: 3

CDS disabled.
Compressed class space mapped at: 0x0000000800000000-0x0000000840000000, reserved size: 1073741824
Narrow klass base: 0x0000000800000000, Narrow klass shift: 0, Narrow klass range: 0x40000000

GC Precious Log:
 CPUs: 8 total, 8 available
 Memory: 16106M
 Large Page Support: Disabled
 NUMA Support: Disabled
 Compressed Oops: Enabled (Zero based)
 Heap Region Size: 2M
 Heap Min Capacity: 8M
 Heap Initial Capacity: 252M
 Heap Max Capacity: 4028M
 Pre-touch: Disabled
 Parallel Workers: 8
 Concurrent Workers: 2
 Concurrent Refinement Workers: 8
 Periodic GC: Disabled

Heap:
 garbage-first heap   total 61440K, used 25155K [0x0000000704400000, 0x0000000800000000)
  region size 2048K, 7 young (14336K), 2 survivors (4096K)
 Metaspace       used 42554K, committed 42944K, reserved 1089536K
  class space    used 4788K, committed 4992K, reserved 1048576K

Heap Regions: E=young(eden), S=young(survivor), O=old, HS=humongous(starts), HC=humongous(continues), CS=collection set, F=free, OA=open archive, CA=closed archive, TAMS=top-at-mark-start (previous, next)
|   0|0x0000000704400000, 0x0000000704600000, 0x0000000704600000|100%| O|  |TAMS 0x0000000704600000, 0x0000000704400000| Untracked 
|   1|0x0000000704600000, 0x0000000704800000, 0x0000000704800000|100%| O|  |TAMS 0x0000000704800000, 0x0000000704600000| Untracked 
|   2|0x0000000704800000, 0x0000000704a00000, 0x0000000704a00000|100%| O|  |TAMS 0x0000000704a00000, 0x0000000704800000| Untracked 
|   3|0x0000000704a00000, 0x0000000704b65600, 0x0000000704c00000| 69%| O|  |TAMS 0x0000000704b65600, 0x0000000704a00000| Untracked 
|   4|0x0000000704c00000, 0x0000000704db9600, 0x0000000704e00000| 86%| O|  |TAMS 0x0000000704db9600, 0x0000000704c00000| Untracked 
|   5|0x0000000704e00000, 0x0000000705000000, 0x0000000705000000|100%| O|  |TAMS 0x0000000704e00000, 0x0000000704e00000| Untracked 
|   6|0x0000000705000000, 0x0000000705200000, 0x0000000705200000|100%| O|  |TAMS 0x0000000705000000, 0x0000000705000000| Untracked 
|   7|0x0000000705200000, 0x00000007052eac00, 0x0000000705400000| 45%| O|  |TAMS 0x0000000705200000, 0x0000000705200000| Untracked 
|   8|0x0000000705400000, 0x0000000705400000, 0x0000000705600000|  0%| F|  |TAMS 0x0000000705400000, 0x0000000705400000| Untracked 
|   9|0x0000000705600000, 0x0000000705600000, 0x0000000705800000|  0%| F|  |TAMS 0x0000000705600000, 0x0000000705600000| Untracked 
|  10|0x0000000705800000, 0x0000000705800000, 0x0000000705a00000|  0%| F|  |TAMS 0x0000000705800000, 0x0000000705800000| Untracked 
|  11|0x0000000705a00000, 0x0000000705a00000, 0x0000000705c00000|  0%| F|  |TAMS 0x0000000705a00000, 0x0000000705a00000| Untracked 
|  12|0x0000000705c00000, 0x0000000705c00000, 0x0000000705e00000|  0%| F|  |TAMS 0x0000000705c00000, 0x0000000705c00000| Untracked 
|  13|0x0000000705e00000, 0x0000000705e877a0, 0x0000000706000000| 26%| S|CS|TAMS 0x0000000705e00000, 0x0000000705e00000| Complete 
|  14|0x0000000706000000, 0x0000000706200000, 0x0000000706200000|100%| S|CS|TAMS 0x0000000706000000, 0x0000000706000000| Complete 
|  15|0x0000000706200000, 0x0000000706200000, 0x0000000706400000|  0%| F|  |TAMS 0x0000000706200000, 0x0000000706200000| Untracked 
|  16|0x0000000706400000, 0x0000000706400000, 0x0000000706600000|  0%| F|  |TAMS 0x0000000706400000, 0x0000000706400000| Untracked 
|  17|0x0000000706600000, 0x0000000706600000, 0x0000000706800000|  0%| F|  |TAMS 0x0000000706600000, 0x0000000706600000| Untracked 
|  18|0x0000000706800000, 0x0000000706800000, 0x0000000706a00000|  0%| F|  |TAMS 0x0000000706800000, 0x0000000706800000| Untracked 
|  19|0x0000000706a00000, 0x0000000706a00000, 0x0000000706c00000|  0%| F|  |TAMS 0x0000000706a00000, 0x0000000706a00000| Untracked 
|  20|0x0000000706c00000, 0x0000000706c00000, 0x0000000706e00000|  0%| F|  |TAMS 0x0000000706c00000, 0x0000000706c00000| Untracked 
|  21|0x0000000706e00000, 0x0000000706e00000, 0x0000000707000000|  0%| F|  |TAMS 0x0000000706e00000, 0x0000000706e00000| Untracked 
|  22|0x0000000707000000, 0x0000000707000000, 0x0000000707200000|  0%| F|  |TAMS 0x0000000707000000, 0x0000000707000000| Untracked 
|  23|0x0000000707200000, 0x0000000707200000, 0x0000000707400000|  0%| F|  |TAMS 0x0000000707200000, 0x0000000707200000| Untracked 
|  24|0x0000000707400000, 0x0000000707400000, 0x0000000707600000|  0%| F|  |TAMS 0x0000000707400000, 0x0000000707400000| Untracked 
|  25|0x0000000707600000, 0x00000007077b9a10, 0x0000000707800000| 86%| E|  |TAMS 0x0000000707600000, 0x0000000707600000| Complete 
|  32|0x0000000708400000, 0x0000000708600000, 0x0000000708600000|100%| E|CS|TAMS 0x0000000708400000, 0x0000000708400000| Complete 
|  33|0x0000000708600000, 0x0000000708800000, 0x0000000708800000|100%| E|CS|TAMS 0x0000000708600000, 0x0000000708600000| Complete 
|  34|0x0000000708800000, 0x0000000708a00000, 0x0000000708a00000|100%| E|CS|TAMS 0x0000000708800000, 0x0000000708800000| Complete 
| 125|0x0000000713e00000, 0x0000000714000000, 0x0000000714000000|100%| E|CS|TAMS 0x0000000713e00000, 0x0000000713e00000| Complete 

Card table byte_map: [0x000001d7a3850000,0x000001d7a4030000] _byte_map_base: 0x000001d7a002e000

Marking Bits (Prev, Next): (CMBitMap*) 0x000001d78e747620, (CMBitMap*) 0x000001d78e747660
 Prev Bits: [0x000001d7a4810000, 0x000001d7a8700000)
 Next Bits: [0x000001d7a8700000, 0x000001d7ac5f0000)

Polling page: 0x000001d78e660000

Metaspace:

Usage:
  Non-class:     36.88 MB used.
      Class:      4.68 MB used.
       Both:     41.56 MB used.

Virtual space:
  Non-class space:       40.00 MB reserved,      37.06 MB ( 93%) committed,  5 nodes.
      Class space:        1.00 GB reserved,       4.88 MB ( <1%) committed,  1 nodes.
              Both:        1.04 GB reserved,      41.94 MB (  4%) committed. 

Chunk freelists:
   Non-Class:  2.66 MB
       Class:  3.16 MB
        Both:  5.81 MB

MaxMetaspaceSize: 17179869184.00 GB
CompressedClassSpaceSize: 1.00 GB
 - commit_granule_bytes: 65536.
 - commit_granule_words: 8192.
 - virtual_space_node_default_size: 1048576.
 - enlarge_chunks_in_place: 1.
 - new_chunks_are_fully_committed: 0.
 - uncommit_free_chunks: 1.
 - use_allocation_guard: 0.
 - handle_deallocations: 1.


Internal statistics:

num_allocs_failed_limit: 8.
num_arena_births: 360.
num_arena_deaths: 0.
num_vsnodes_births: 6.
num_vsnodes_deaths: 0.
num_space_committed: 671.
num_space_uncommitted: 0.
num_chunks_returned_to_freelist: 8.
num_chunks_taken_from_freelist: 1495.
num_chunk_merges: 8.
num_chunk_splits: 1026.
num_chunks_enlarged: 785.
num_purges: 0.

CodeHeap 'non-profiled nmethods': size=120000Kb used=2994Kb max_used=2994Kb free=117005Kb
 bounds [0x000001d79b0d0000, 0x000001d79b3c0000, 0x000001d7a2600000]
CodeHeap 'profiled nmethods': size=120000Kb used=8507Kb max_used=8507Kb free=111492Kb
 bounds [0x000001d793ba0000, 0x000001d7943f0000, 0x000001d79b0d0000]
CodeHeap 'non-nmethods': size=5760Kb used=1315Kb max_used=1393Kb free=4444Kb
 bounds [0x000001d793600000, 0x000001d793870000, 0x000001d793ba0000]
 total_blobs=4530 nmethods=3998 adapters=444
 compilation: enabled
              stopped_count=0, restarted_count=0
 full_count=0

Compilation events (20 events):
Event: 72.774 Thread 0x000001d7afc77040 4013       1       org.apache.catalina.valves.ValveBase::getNext (5 bytes)
Event: 72.774 Thread 0x000001d7afc77040 nmethod 4013 0x000001d79b3bba90 code [0x000001d79b3bbc20, 0x000001d79b3bbcf8]
Event: 72.774 Thread 0x000001d7afc77040 4014       1       org.apache.catalina.LifecycleEvent::getType (5 bytes)
Event: 72.774 Thread 0x000001d7afc77040 nmethod 4014 0x000001d79b3bbd90 code [0x000001d79b3bbf20, 0x000001d79b3bbff8]
Event: 74.261 Thread 0x000001d7afc77040 4016       3       java.util.concurrent.locks.AbstractQueuedSynchronizer$Node::<init> (5 bytes)
Event: 74.262 Thread 0x000001d7afc77040 nmethod 4016 0x000001d7943ea510 code [0x000001d7943ea6c0, 0x000001d7943ea818]
Event: 76.198 Thread 0x000001d7afc72870 4018       4       java.util.ArrayDeque::pollFirst (36 bytes)
Event: 76.201 Thread 0x000001d7afc72870 nmethod 4018 0x000001d79b3bc490 code [0x000001d79b3bc620, 0x000001d79b3bc778]
Event: 78.270 Thread 0x000001d7afc77040 4019       3       java.util.concurrent.locks.AbstractQueuedSynchronizer$Node::clearStatus (12 bytes)
Event: 78.271 Thread 0x000001d7afc77040 nmethod 4019 0x000001d7943ea910 code [0x000001d7943eaac0, 0x000001d7943eac88]
Event: 78.271 Thread 0x000001d7afc77040 4020       3       jdk.internal.misc.Unsafe::putIntOpaque (9 bytes)
Event: 78.271 Thread 0x000001d7afc77040 nmethod 4020 0x000001d7943ead10 code [0x000001d7943eaea0, 0x000001d7943eafb8]
Event: 79.269 Thread 0x000001d7afc77040 4021   !   3       java.util.concurrent.locks.AbstractQueuedSynchronizer::acquire (407 bytes)
Event: 79.271 Thread 0x000001d7afc77040 nmethod 4021 0x000001d7943eb090 code [0x000001d7943eb420, 0x000001d7943ecef8]
Event: 85.269 Thread 0x000001d7afc77040 4022       3       java.util.concurrent.locks.AbstractQueuedSynchronizer$ConditionNode::<init> (5 bytes)
Event: 85.269 Thread 0x000001d7afc77040 nmethod 4022 0x000001d7943ed990 code [0x000001d7943edb40, 0x000001d7943edcf8]
Event: 85.269 Thread 0x000001d7afc77040 4023       3       java.util.concurrent.locks.AbstractQueuedSynchronizer$ConditionObject::enableWait (84 bytes)
Event: 85.270 Thread 0x000001d7afc77040 nmethod 4023 0x000001d7943ede10 code [0x000001d7943ee040, 0x000001d7943ee7c8]
Event: 86.268 Thread 0x000001d7afc77040 4024       3       java.util.concurrent.ScheduledThreadPoolExecutor$ScheduledFutureTask::getDelay (16 bytes)
Event: 86.269 Thread 0x000001d7afc77040 nmethod 4024 0x000001d7943eea90 code [0x000001d7943eec40, 0x000001d7943eede8]

GC Heap History (20 events):
Event: 0.605 GC heap before
{Heap before GC invocations=0 (full 0):
 garbage-first heap   total 258048K, used 20480K [0x0000000704400000, 0x0000000800000000)
  region size 2048K, 11 young (22528K), 0 survivors (0K)
 Metaspace       used 12107K, committed 12288K, reserved 1064960K
  class space    used 1050K, committed 1152K, reserved 1048576K
}
Event: 0.608 GC heap after
{Heap after GC invocations=1 (full 0):
 garbage-first heap   total 258048K, used 6881K [0x0000000704400000, 0x0000000800000000)
  region size 2048K, 2 young (4096K), 2 survivors (4096K)
 Metaspace       used 12107K, committed 12288K, reserved 1064960K
  class space    used 1050K, committed 1152K, reserved 1048576K
}
Event: 0.851 GC heap before
{Heap before GC invocations=1 (full 0):
 garbage-first heap   total 258048K, used 31457K [0x0000000704400000, 0x0000000800000000)
  region size 2048K, 14 young (28672K), 2 survivors (4096K)
 Metaspace       used 16221K, committed 16384K, reserved 1064960K
  class space    used 1540K, committed 1600K, reserved 1048576K
}
Event: 0.854 GC heap after
{Heap after GC invocations=2 (full 0):
 garbage-first heap   total 258048K, used 8575K [0x0000000704400000, 0x0000000800000000)
  region size 2048K, 1 young (2048K), 1 survivors (2048K)
 Metaspace       used 16221K, committed 16384K, reserved 1064960K
  class space    used 1540K, committed 1600K, reserved 1048576K
}
Event: 1.167 GC heap before
{Heap before GC invocations=2 (full 0):
 garbage-first heap   total 258048K, used 51583K [0x0000000704400000, 0x0000000800000000)
  region size 2048K, 23 young (47104K), 1 survivors (2048K)
 Metaspace       used 21040K, committed 21248K, reserved 1073152K
  class space    used 2142K, committed 2240K, reserved 1048576K
}
Event: 1.169 GC heap after
{Heap after GC invocations=3 (full 0):
 garbage-first heap   total 258048K, used 9541K [0x0000000704400000, 0x0000000800000000)
  region size 2048K, 1 young (2048K), 1 survivors (2048K)
 Metaspace       used 21040K, committed 21248K, reserved 1073152K
  class space    used 2142K, committed 2240K, reserved 1048576K
}
Event: 1.299 GC heap before
{Heap before GC invocations=4 (full 0):
 garbage-first heap   total 40960K, used 40261K [0x0000000704400000, 0x0000000800000000)
  region size 2048K, 16 young (32768K), 1 survivors (2048K)
 Metaspace       used 23847K, committed 24128K, reserved 1073152K
  class space    used 2493K, committed 2624K, reserved 1048576K
}
Event: 1.301 GC heap after
{Heap after GC invocations=5 (full 0):
 garbage-first heap   total 45056K, used 10014K [0x0000000704400000, 0x0000000800000000)
  region size 2048K, 2 young (4096K), 2 survivors (4096K)
 Metaspace       used 23847K, committed 24128K, reserved 1073152K
  class space    used 2493K, committed 2624K, reserved 1048576K
}
Event: 1.371 GC heap before
{Heap before GC invocations=5 (full 0):
 garbage-first heap   total 45056K, used 26398K [0x0000000704400000, 0x0000000800000000)
  region size 2048K, 10 young (20480K), 2 survivors (4096K)
 Metaspace       used 25393K, committed 25664K, reserved 1073152K
  class space    used 2696K, committed 2816K, reserved 1048576K
}
Event: 1.374 GC heap after
{Heap after GC invocations=6 (full 0):
 garbage-first heap   total 45056K, used 10276K [0x0000000704400000, 0x0000000800000000)
  region size 2048K, 1 young (2048K), 1 survivors (2048K)
 Metaspace       used 25393K, committed 25664K, reserved 1073152K
  class space    used 2696K, committed 2816K, reserved 1048576K
}
Event: 1.596 GC heap before
{Heap before GC invocations=6 (full 0):
 garbage-first heap   total 45056K, used 28708K [0x0000000704400000, 0x0000000800000000)
  region size 2048K, 10 young (20480K), 1 survivors (2048K)
 Metaspace       used 26679K, committed 26880K, reserved 1073152K
  class space    used 2853K, committed 2944K, reserved 1048576K
}
Event: 1.599 GC heap after
{Heap after GC invocations=7 (full 0):
 garbage-first heap   total 45056K, used 11298K [0x0000000704400000, 0x0000000800000000)
  region size 2048K, 2 young (4096K), 2 survivors (4096K)
 Metaspace       used 26679K, committed 26880K, reserved 1073152K
  class space    used 2853K, committed 2944K, reserved 1048576K
}
Event: 1.799 GC heap before
{Heap before GC invocations=7 (full 0):
 garbage-first heap   total 45056K, used 27682K [0x0000000704400000, 0x0000000800000000)
  region size 2048K, 10 young (20480K), 2 survivors (4096K)
 Metaspace       used 27830K, committed 28096K, reserved 1081344K
  class space    used 2975K, committed 3072K, reserved 1048576K
}
Event: 1.802 GC heap after
{Heap after GC invocations=8 (full 0):
 garbage-first heap   total 151552K, used 11305K [0x0000000704400000, 0x0000000800000000)
  region size 2048K, 1 young (2048K), 1 survivors (2048K)
 Metaspace       used 27830K, committed 28096K, reserved 1081344K
  class space    used 2975K, committed 3072K, reserved 1048576K
}
Event: 2.761 GC heap before
{Heap before GC invocations=8 (full 0):
 garbage-first heap   total 151552K, used 89129K [0x0000000704400000, 0x0000000800000000)
  region size 2048K, 40 young (81920K), 1 survivors (2048K)
 Metaspace       used 35349K, committed 35648K, reserved 1081344K
  class space    used 3886K, committed 4032K, reserved 1048576K
}
Event: 2.765 GC heap after
{Heap after GC invocations=9 (full 0):
 garbage-first heap   total 151552K, used 14703K [0x0000000704400000, 0x0000000800000000)
  region size 2048K, 3 young (6144K), 3 survivors (6144K)
 Metaspace       used 35349K, committed 35648K, reserved 1081344K
  class space    used 3886K, committed 4032K, reserved 1048576K
}
Event: 3.098 GC heap before
{Heap before GC invocations=10 (full 0):
 garbage-first heap   total 61440K, used 45423K [0x0000000704400000, 0x0000000800000000)
  region size 2048K, 18 young (36864K), 3 survivors (6144K)
 Metaspace       used 38079K, committed 38464K, reserved 1089536K
  class space    used 4239K, committed 4416K, reserved 1048576K
}
Event: 3.102 GC heap after
{Heap after GC invocations=11 (full 0):
 garbage-first heap   total 61440K, used 16195K [0x0000000704400000, 0x0000000800000000)
  region size 2048K, 1 young (2048K), 1 survivors (2048K)
 Metaspace       used 38079K, committed 38464K, reserved 1089536K
  class space    used 4239K, committed 4416K, reserved 1048576K
}
Event: 11.273 GC heap before
{Heap before GC invocations=11 (full 0):
 garbage-first heap   total 61440K, used 46915K [0x0000000704400000, 0x0000000800000000)
  region size 2048K, 16 young (32768K), 1 survivors (2048K)
 Metaspace       used 41491K, committed 41856K, reserved 1089536K
  class space    used 4675K, committed 4864K, reserved 1048576K
}
Event: 11.277 GC heap after
{Heap after GC invocations=12 (full 0):
 garbage-first heap   total 61440K, used 16963K [0x0000000704400000, 0x0000000800000000)
  region size 2048K, 2 young (4096K), 2 survivors (4096K)
 Metaspace       used 41491K, committed 41856K, reserved 1089536K
  class space    used 4675K, committed 4864K, reserved 1048576K
}

Deoptimization events (20 events):
Event: 11.330 Thread 0x000001d7b7470e30 DEOPT PACKING pc=0x000001d793d7355c sp=0x000000d40e7fd7c0
Event: 11.330 Thread 0x000001d7b7470e30 DEOPT UNPACKING pc=0x000001d79364e77e sp=0x000000d40e7fcc78 mode 1
Event: 11.342 Thread 0x000001d7b7470e30 DEOPT PACKING pc=0x000001d7942d3609 sp=0x000000d40e7fa610
Event: 11.342 Thread 0x000001d7b7470e30 DEOPT UNPACKING pc=0x000001d79364e77e sp=0x000000d40e7f9bc0 mode 0
Event: 11.343 Thread 0x000001d7b7470e30 Uncommon trap: trap_request=0xffffffde fr.pc=0x000001d79b21529c relative=0x00000000000010fc
Event: 11.343 Thread 0x000001d7b7470e30 Uncommon trap: reason=class_check action=maybe_recompile pc=0x000001d79b21529c method=java.util.concurrent.ConcurrentHashMap.putVal(Ljava/lang/Object;Ljava/lang/Object;Z)Ljava/lang/Object; @ 159 c2
Event: 11.343 Thread 0x000001d7b7470e30 DEOPT PACKING pc=0x000001d79b21529c sp=0x000000d40e7fcb30
Event: 11.343 Thread 0x000001d7b7470e30 DEOPT UNPACKING pc=0x000001d79364f92e sp=0x000000d40e7fcac0 mode 2
Event: 11.343 Thread 0x000001d7b7470e30 Uncommon trap: trap_request=0xffffffde fr.pc=0x000001d79b21529c relative=0x00000000000010fc
Event: 11.343 Thread 0x000001d7b7470e30 Uncommon trap: reason=class_check action=maybe_recompile pc=0x000001d79b21529c method=java.util.concurrent.ConcurrentHashMap.putVal(Ljava/lang/Object;Ljava/lang/Object;Z)Ljava/lang/Object; @ 159 c2
Event: 11.343 Thread 0x000001d7b7470e30 DEOPT PACKING pc=0x000001d79b21529c sp=0x000000d40e7fcd70
Event: 11.343 Thread 0x000001d7b7470e30 DEOPT UNPACKING pc=0x000001d79364f92e sp=0x000000d40e7fcd00 mode 2
Event: 11.346 Thread 0x000001d7b7470e30 Uncommon trap: trap_request=0xffffffde fr.pc=0x000001d79b21529c relative=0x00000000000010fc
Event: 11.346 Thread 0x000001d7b7470e30 Uncommon trap: reason=class_check action=maybe_recompile pc=0x000001d79b21529c method=java.util.concurrent.ConcurrentHashMap.putVal(Ljava/lang/Object;Ljava/lang/Object;Z)Ljava/lang/Object; @ 159 c2
Event: 11.346 Thread 0x000001d7b7470e30 DEOPT PACKING pc=0x000001d79b21529c sp=0x000000d40e7fcb30
Event: 11.346 Thread 0x000001d7b7470e30 DEOPT UNPACKING pc=0x000001d79364f92e sp=0x000000d40e7fcac0 mode 2
Event: 11.361 Thread 0x000001d7b7470e30 Uncommon trap: trap_request=0xffffff45 fr.pc=0x000001d79b1fb5b0 relative=0x0000000000000270
Event: 11.361 Thread 0x000001d7b7470e30 Uncommon trap: reason=unstable_if action=reinterpret pc=0x000001d79b1fb5b0 method=java.util.HashMap.getNode(Ljava/lang/Object;)Ljava/util/HashMap$Node; @ 66 c2
Event: 11.361 Thread 0x000001d7b7470e30 DEOPT PACKING pc=0x000001d79b1fb5b0 sp=0x000000d40e7fc6c0
Event: 11.361 Thread 0x000001d7b7470e30 DEOPT UNPACKING pc=0x000001d79364f92e sp=0x000000d40e7fc650 mode 2

Classes unloaded (0 events):
No events

Classes redefined (1 events):
Event: 72.053 Thread 0x000001d7afc31410 redefined class name=com.creek.catering.controllers.MenuController, count=1

Internal exceptions (20 events):
Event: 2.712 Thread 0x000001d78e6f5270 Exception <a 'java/io/FileNotFoundException'{0x0000000709049348}> (0x0000000709049348) 
thrown [t:\workspace\open\src\hotspot\share\prims\jni.cpp, line 579]
Event: 2.871 Thread 0x000001d78e6f5270 Exception <a 'java/lang/ClassNotFoundException'{0x00000007071a6790}: java/lang/ObjectCustomizer> (0x00000007071a6790) 
thrown [t:\workspace\open\src\hotspot\share\classfile\systemDictionary.cpp, line 256]
Event: 2.872 Thread 0x000001d78e6f5270 Exception <a 'java/lang/ClassNotFoundException'{0x00000007071ae388}: org/springframework/web/servlet/config/annotation/WebMvcConfigurationSupportCustomizer> (0x00000007071ae388) 
thrown [t:\workspace\open\src\hotspot\share\classfile\systemDictionary.cpp, line 256]
Event: 2.873 Thread 0x000001d78e6f5270 Exception <a 'java/lang/ClassNotFoundException'{0x00000007071c20b0}: org/springframework/web/servlet/config/annotation/DelegatingWebMvcConfigurationCustomizer> (0x00000007071c20b0) 
thrown [t:\workspace\open\src\hotspot\share\classfile\systemDictionary.cpp, line 256]
Event: 2.874 Thread 0x000001d78e6f5270 Exception <a 'java/lang/ClassNotFoundException'{0x00000007071cb548}: org/springframework/boot/autoconfigure/web/servlet/WebMvcAutoConfiguration$EnableWebMvcConfigurationCustomizer> (0x00000007071cb548) 
thrown [t:\workspace\open\src\hotspot\share\classfile\systemDictionary.cpp, line 256]
Event: 2.876 Thread 0x000001d78e6f5270 Exception <a 'java/lang/ClassNotFoundException'{0x00000007071de128}: org/springframework/context/ResourceLoaderAwareCustomizer> (0x00000007071de128) 
thrown [t:\workspace\open\src\hotspot\share\classfile\systemDictionary.cpp, line 256]
Event: 2.877 Thread 0x000001d78e6f5270 Exception <a 'java/lang/ClassNotFoundException'{0x00000007071e2ed0}: org/springframework/beans/factory/AwareCustomizer> (0x00000007071e2ed0) 
thrown [t:\workspace\open\src\hotspot\share\classfile\systemDictionary.cpp, line 256]
Event: 2.877 Thread 0x000001d78e6f5270 Exception <a 'java/lang/ClassNotFoundException'{0x00000007071e6f08}: org/springframework/context/ApplicationContextAwareCustomizer> (0x00000007071e6f08) 
thrown [t:\workspace\open\src\hotspot\share\classfile\systemDictionary.cpp, line 256]
Event: 2.878 Thread 0x000001d78e6f5270 Exception <a 'java/lang/ClassNotFoundException'{0x00000007071ec890}: org/springframework/beans/factory/AwareCustomizer> (0x00000007071ec890) 
thrown [t:\workspace\open\src\hotspot\share\classfile\systemDictionary.cpp, line 256]
Event: 2.878 Thread 0x000001d78e6f5270 Exception <a 'java/lang/ClassNotFoundException'{0x00000007071f08a0}: org/springframework/web/context/ServletContextAwareCustomizer> (0x00000007071f08a0) 
thrown [t:\workspace\open\src\hotspot\share\classfile\systemDictionary.cpp, line 256]
Event: 2.879 Thread 0x000001d78e6f5270 Exception <a 'java/lang/ClassNotFoundException'{0x00000007071f5aa0}: org/springframework/beans/factory/AwareCustomizer> (0x00000007071f5aa0) 
thrown [t:\workspace\open\src\hotspot\share\classfile\systemDictionary.cpp, line 256]
Event: 2.985 Thread 0x000001d78e6f5270 Exception <a 'java/lang/NoSuchMethodError'{0x00000007069c5568}: 'void java.lang.invoke.DirectMethodHandle$Holder.invokeVirtual(java.lang.Object, java.lang.Object, int)'> (0x00000007069c5568) 
thrown [t:\workspace\open\src\hotspot\share\interpreter\linkResolver.cpp, line 790]
Event: 2.987 Thread 0x000001d78e6f5270 Exception <a 'java/lang/NoSuchMethodError'{0x00000007069e0a78}: 'void java.lang.invoke.DirectMethodHandle$Holder.invokeVirtual(java.lang.Object, java.lang.Object, long)'> (0x00000007069e0a78) 
thrown [t:\workspace\open\src\hotspot\share\interpreter\linkResolver.cpp, line 790]
Event: 3.104 Thread 0x000001d78e6f5270 Exception <a 'java/lang/IncompatibleClassChangeError'{0x0000000713e1c060}: Found class java.lang.Object, but interface was expected> (0x0000000713e1c060) 
thrown [t:\workspace\open\src\hotspot\share\interpreter\linkResolver.cpp, line 857]
Event: 3.135 Thread 0x000001d78e6f5270 Exception <a 'java/lang/NoSuchMethodError'{0x00000007088bc4a0}: 'int java.lang.invoke.DirectMethodHandle$Holder.invokeStaticInit(java.lang.Object, java.lang.Object, java.lang.Object, java.lang.Object)'> (0x00000007088bc4a0) 
thrown [t:\workspace\open\src\hotspot\share\interpreter\linkResolver.cpp, line 790]
Event: 3.218 Thread 0x000001d78e6f5270 Exception <a 'java/lang/NoSuchMethodError'{0x000000070752cbf0}: 'java.lang.Object java.lang.invoke.DirectMethodHandle$Holder.newInvokeSpecial(java.lang.Object, java.lang.Object, int, java.lang.Object, java.lang.Object)'> (0x000000070752cbf0) 
thrown [t:\workspace\open\src\hotspot\share\interpreter\linkResolver.cpp, line 790]
Event: 3.219 Thread 0x000001d78e6f5270 Exception <a 'java/lang/NoSuchMethodError'{0x0000000707538938}: 'java.lang.Object java.lang.invoke.DirectMethodHandle$Holder.invokeSpecial(java.lang.Object, java.lang.Object, int, java.lang.Object, int, java.lang.Object)'> (0x0000000707538938) 
thrown [t:\workspace\open\src\hotspot\share\interpreter\linkResolver.cpp, line 790]
Event: 3.220 Thread 0x000001d78e6f5270 Exception <a 'java/lang/NoSuchMethodError'{0x0000000707540cf8}: 'java.lang.Object java.lang.invoke.DirectMethodHandle$Holder.newInvokeSpecial(java.lang.Object, java.lang.Object, int, java.lang.Object, int)'> (0x0000000707540cf8) 
thrown [t:\workspace\open\src\hotspot\share\interpreter\linkResolver.cpp, line 790]
Event: 3.220 Thread 0x000001d78e6f5270 Exception <a 'java/lang/NoSuchMethodError'{0x0000000707544f08}: 'java.lang.Object java.lang.invoke.DirectMethodHandle$Holder.invokeSpecial(java.lang.Object, java.lang.Object, java.lang.Object, int, java.lang.Object, int)'> (0x0000000707544f08) 
thrown [t:\workspace\open\src\hotspot\share\interpreter\linkResolver.cpp, line 790]
Event: 3.221 Thread 0x000001d78e6f5270 Exception <a 'java/lang/NoSuchMethodError'{0x00000007075546b0}: 'void java.lang.invoke.DirectMethodHandle$Holder.invokeVirtual(java.lang.Object, java.lang.Object)'> (0x00000007075546b0) 
thrown [t:\workspace\open\src\hotspot\share\interpreter\linkResolver.cpp, line 790]

Events (20 events):
Event: 13.305 Executing  VM operation: Cleanup done
Event: 13.552 Thread 0x000001d7b86bc8f0 Thread exited: 0x000001d7b86bc8f0
Event: 13.552 Thread 0x000001d7b83b4f60 Thread exited: 0x000001d7b83b4f60
Event: 14.318 Executing  VM operation: Cleanup
Event: 14.318 Executing  VM operation: Cleanup done
Event: 15.327 Executing  VM operation: Cleanup
Event: 15.328 Executing  VM operation: Cleanup done
Event: 16.335 Executing  VM operation: Cleanup
Event: 16.335 Executing  VM operation: Cleanup done
Event: 22.367 Executing  VM operation: Cleanup
Event: 22.368 Executing  VM operation: Cleanup done
Event: 26.413 Executing  VM operation: Cleanup
Event: 26.413 Executing  VM operation: Cleanup done
Event: 32.452 Executing  VM operation: Cleanup
Event: 32.452 Executing  VM operation: Cleanup done
Event: 72.050 Executing  VM operation: RedefineClasses
Event: 72.059 Executing  VM operation: RedefineClasses done
Event: 72.070 Executing  VM operation: ChangeBreakpoints
Event: 72.071 Executing  VM operation: ChangeBreakpoints done
Event: 88.056 Executing  VM operation: RedefineClasses


Dynamic libraries:
0x00007ff673c90000 - 0x00007ff673c9e000 	D:\eclipse-jee-2021-06-R-win32-x86_64\eclipse\plugins\org.eclipse.justj.openjdk.hotspot.jre.full.win32.x86_64_16.0.1.v20210528-1205\jre\bin\javaw.exe
0x00007ff864940000 - 0x00007ff864b49000 	C:\WINDOWS\SYSTEM32\ntdll.dll
0x00007ff863150000 - 0x00007ff86320d000 	C:\WINDOWS\System32\KERNEL32.dll
0x00007ff8619f0000 - 0x00007ff861af0000 	C:\Windows\system32\hmpalert.dll
0x00007ff8621c0000 - 0x00007ff86253c000 	C:\WINDOWS\System32\KERNELBASE.dll
0x00007ff861f90000 - 0x00007ff8620a1000 	C:\WINDOWS\System32\ucrtbase.dll
0x00007ff8524b0000 - 0x00007ff8524c9000 	D:\eclipse-jee-2021-06-R-win32-x86_64\eclipse\plugins\org.eclipse.justj.openjdk.hotspot.jre.full.win32.x86_64_16.0.1.v20210528-1205\jre\bin\VCRUNTIME140.dll
0x00007ff85c050000 - 0x00007ff85c068000 	D:\eclipse-jee-2021-06-R-win32-x86_64\eclipse\plugins\org.eclipse.justj.openjdk.hotspot.jre.full.win32.x86_64_16.0.1.v20210528-1205\jre\bin\jli.dll
0x00007ff864280000 - 0x00007ff86442d000 	C:\WINDOWS\System32\USER32.dll
0x00007ff8626e0000 - 0x00007ff862706000 	C:\WINDOWS\System32\win32u.dll
0x00007ff8644a0000 - 0x00007ff8644c9000 	C:\WINDOWS\System32\GDI32.dll
0x00007ff8625c0000 - 0x00007ff8626d9000 	C:\WINDOWS\System32\gdi32full.dll
0x00007ff862120000 - 0x00007ff8621bd000 	C:\WINDOWS\System32\msvcp_win.dll
0x00007ff839390000 - 0x00007ff839635000 	C:\WINDOWS\WinSxS\amd64_microsoft.windows.common-controls_6595b64144ccf1df_6.0.22000.120_none_9d947278b86cc467\COMCTL32.dll
0x00007ff862ff0000 - 0x00007ff863093000 	C:\WINDOWS\System32\msvcrt.dll
0x00007ff862ec0000 - 0x00007ff862ef1000 	C:\WINDOWS\System32\IMM32.DLL
0x00007ff8524f0000 - 0x00007ff8524fc000 	D:\eclipse-jee-2021-06-R-win32-x86_64\eclipse\plugins\org.eclipse.justj.openjdk.hotspot.jre.full.win32.x86_64_16.0.1.v20210528-1205\jre\bin\vcruntime140_1.dll
0x00007ff852190000 - 0x00007ff852221000 	D:\eclipse-jee-2021-06-R-win32-x86_64\eclipse\plugins\org.eclipse.justj.openjdk.hotspot.jre.full.win32.x86_64_16.0.1.v20210528-1205\jre\bin\msvcp140.dll
0x00007ff8247b0000 - 0x00007ff82535b000 	D:\eclipse-jee-2021-06-R-win32-x86_64\eclipse\plugins\org.eclipse.justj.openjdk.hotspot.jre.full.win32.x86_64_16.0.1.v20210528-1205\jre\bin\server\jvm.dll
0x00007ff8630a0000 - 0x00007ff86314e000 	C:\WINDOWS\System32\ADVAPI32.dll
0x00007ff8641e0000 - 0x00007ff86427e000 	C:\WINDOWS\System32\sechost.dll
0x00007ff864670000 - 0x00007ff864790000 	C:\WINDOWS\System32\RPCRT4.dll
0x00007ff8641d0000 - 0x00007ff8641d8000 	C:\WINDOWS\System32\PSAPI.DLL
0x00007ff857e90000 - 0x00007ff857ec3000 	C:\WINDOWS\SYSTEM32\WINMM.dll
0x00007fffad5f0000 - 0x00007fffad5f9000 	C:\WINDOWS\SYSTEM32\WSOCK32.dll
0x00007ff8638c0000 - 0x00007ff86392f000 	C:\WINDOWS\System32\WS2_32.dll
0x00007ff8591b0000 - 0x00007ff8591ba000 	C:\WINDOWS\SYSTEM32\VERSION.dll
0x00007ff860dd0000 - 0x00007ff860de8000 	C:\WINDOWS\SYSTEM32\kernel.appcore.dll
0x00007ff85b640000 - 0x00007ff85b64a000 	D:\eclipse-jee-2021-06-R-win32-x86_64\eclipse\plugins\org.eclipse.justj.openjdk.hotspot.jre.full.win32.x86_64_16.0.1.v20210528-1205\jre\bin\jimage.dll
0x00007ff85f770000 - 0x00007ff85f991000 	C:\WINDOWS\SYSTEM32\DBGHELP.DLL
0x00007ff83f100000 - 0x00007ff83f131000 	C:\WINDOWS\SYSTEM32\dbgcore.DLL
0x00007ff862540000 - 0x00007ff8625bf000 	C:\WINDOWS\System32\bcryptPrimitives.dll
0x00007ff852470000 - 0x00007ff8524ab000 	D:\eclipse-jee-2021-06-R-win32-x86_64\eclipse\plugins\org.eclipse.justj.openjdk.hotspot.jre.full.win32.x86_64_16.0.1.v20210528-1205\jre\bin\jdwp.dll
0x00007ff852460000 - 0x00007ff85246e000 	D:\eclipse-jee-2021-06-R-win32-x86_64\eclipse\plugins\org.eclipse.justj.openjdk.hotspot.jre.full.win32.x86_64_16.0.1.v20210528-1205\jre\bin\instrument.dll
0x00007ff852c50000 - 0x00007ff852c75000 	D:\eclipse-jee-2021-06-R-win32-x86_64\eclipse\plugins\org.eclipse.justj.openjdk.hotspot.jre.full.win32.x86_64_16.0.1.v20210528-1205\jre\bin\java.dll
0x00007ff852c30000 - 0x00007ff852c48000 	D:\eclipse-jee-2021-06-R-win32-x86_64\eclipse\plugins\org.eclipse.justj.openjdk.hotspot.jre.full.win32.x86_64_16.0.1.v20210528-1205\jre\bin\zip.dll
0x00007ff863a10000 - 0x00007ff8641c8000 	C:\WINDOWS\System32\SHELL32.dll
0x00007ff85fe00000 - 0x00007ff860668000 	C:\WINDOWS\SYSTEM32\windows.storage.dll
0x00007ff862980000 - 0x00007ff862cf9000 	C:\WINDOWS\System32\combase.dll
0x00007ff85fc90000 - 0x00007ff85fdf6000 	C:\WINDOWS\SYSTEM32\wintypes.dll
0x00007ff8636e0000 - 0x00007ff8637ca000 	C:\WINDOWS\System32\SHCORE.dll
0x00007ff863860000 - 0x00007ff8638bd000 	C:\WINDOWS\System32\shlwapi.dll
0x00007ff861d50000 - 0x00007ff861d71000 	C:\WINDOWS\SYSTEM32\profapi.dll
0x00007ff852450000 - 0x00007ff85245c000 	D:\eclipse-jee-2021-06-R-win32-x86_64\eclipse\plugins\org.eclipse.justj.openjdk.hotspot.jre.full.win32.x86_64_16.0.1.v20210528-1205\jre\bin\dt_socket.dll
0x00007ff8608c0000 - 0x00007ff8608ed000 	C:\WINDOWS\SYSTEM32\IPHLPAPI.DLL
0x00007ff861260000 - 0x00007ff8612c7000 	C:\WINDOWS\system32\mswsock.dll
0x00007ff8608f0000 - 0x00007ff8609d8000 	C:\WINDOWS\SYSTEM32\DNSAPI.dll
0x00007ff8637d0000 - 0x00007ff8637d9000 	C:\WINDOWS\System32\NSI.dll
0x00007ff8511d0000 - 0x00007ff8511da000 	C:\Windows\System32\rasadhlp.dll
0x00007ff854da0000 - 0x00007ff854e21000 	C:\WINDOWS\System32\fwpuclnt.dll
0x00007ff852c10000 - 0x00007ff852c29000 	D:\eclipse-jee-2021-06-R-win32-x86_64\eclipse\plugins\org.eclipse.justj.openjdk.hotspot.jre.full.win32.x86_64_16.0.1.v20210528-1205\jre\bin\net.dll
0x00007ff858fd0000 - 0x00007ff8590dc000 	C:\WINDOWS\SYSTEM32\WINHTTP.dll
0x00007ff852b80000 - 0x00007ff852b93000 	D:\eclipse-jee-2021-06-R-win32-x86_64\eclipse\plugins\org.eclipse.justj.openjdk.hotspot.jre.full.win32.x86_64_16.0.1.v20210528-1205\jre\bin\nio.dll
0x00007ff852b70000 - 0x00007ff852b80000 	D:\eclipse-jee-2021-06-R-win32-x86_64\eclipse\plugins\org.eclipse.justj.openjdk.hotspot.jre.full.win32.x86_64_16.0.1.v20210528-1205\jre\bin\verify.dll
0x00007ff852510000 - 0x00007ff852519000 	D:\eclipse-jee-2021-06-R-win32-x86_64\eclipse\plugins\org.eclipse.justj.openjdk.hotspot.jre.full.win32.x86_64_16.0.1.v20210528-1205\jre\bin\management.dll
0x00007ff852500000 - 0x00007ff85250b000 	D:\eclipse-jee-2021-06-R-win32-x86_64\eclipse\plugins\org.eclipse.justj.openjdk.hotspot.jre.full.win32.x86_64_16.0.1.v20210528-1205\jre\bin\management_ext.dll
0x00007ff834870000 - 0x00007ff834887000 	C:\WINDOWS\system32\napinsp.dll
0x00007ff834850000 - 0x00007ff83486b000 	C:\WINDOWS\system32\pnrpnsp.dll
0x00007ff8347a0000 - 0x00007ff8347b2000 	C:\WINDOWS\System32\winrnr.dll
0x00007ff834780000 - 0x00007ff834795000 	C:\WINDOWS\system32\wshbth.dll
0x00007ff834730000 - 0x00007ff83474f000 	C:\WINDOWS\system32\nlansp_c.dll
0x00007ff8615c0000 - 0x00007ff8615d8000 	C:\WINDOWS\SYSTEM32\CRYPTSP.dll
0x00007ff860d30000 - 0x00007ff860d65000 	C:\WINDOWS\system32\rsaenh.dll
0x00007ff861300000 - 0x00007ff861329000 	C:\WINDOWS\SYSTEM32\USERENV.dll
0x00007ff861700000 - 0x00007ff861727000 	C:\WINDOWS\SYSTEM32\bcrypt.dll
0x00007ff861450000 - 0x00007ff86145c000 	C:\WINDOWS\SYSTEM32\CRYPTBASE.dll
0x00007ff857600000 - 0x00007ff857619000 	C:\WINDOWS\SYSTEM32\dhcpcsvc6.DLL
0x00007ff858260000 - 0x00007ff85827e000 	C:\WINDOWS\SYSTEM32\dhcpcsvc.DLL
0x00007ff852560000 - 0x00007ff85256e000 	D:\eclipse-jee-2021-06-R-win32-x86_64\eclipse\plugins\org.eclipse.justj.openjdk.hotspot.jre.full.win32.x86_64_16.0.1.v20210528-1205\jre\bin\sunmscapi.dll
0x00007ff861e20000 - 0x00007ff861f82000 	C:\WINDOWS\System32\CRYPT32.dll
0x00007ff8616d0000 - 0x00007ff8616f8000 	C:\WINDOWS\SYSTEM32\ncrypt.dll
0x00007ff861690000 - 0x00007ff8616c7000 	C:\WINDOWS\SYSTEM32\NTASN1.dll
0x00007fffada00000 - 0x00007fffada08000 	C:\WINDOWS\system32\wshunix.dll

dbghelp: loaded successfully - version: 4.0.5 - missing functions: none
symbol engine: initialized successfully - sym options: 0x614 - pdb path: .;D:\eclipse-jee-2021-06-R-win32-x86_64\eclipse\plugins\org.eclipse.justj.openjdk.hotspot.jre.full.win32.x86_64_16.0.1.v20210528-1205\jre\bin;C:\WINDOWS\SYSTEM32;C:\WINDOWS\WinSxS\amd64_microsoft.windows.common-controls_6595b64144ccf1df_6.0.22000.120_none_9d947278b86cc467;D:\eclipse-jee-2021-06-R-win32-x86_64\eclipse\plugins\org.eclipse.justj.openjdk.hotspot.jre.full.win32.x86_64_16.0.1.v20210528-1205\jre\bin\server

VM Arguments:
jvm_args: -XX:+ShowCodeDetailsInExceptionMessages -agentlib:jdwp=transport=dt_socket,suspend=y,address=localhost:50662 -javaagent:D:\eclipse-jee-2021-06-R-win32-x86_64\eclipse\configuration\org.eclipse.osgi\415\0\.cp\lib\javaagent-shaded.jar -Dfile.encoding=UTF-8 
java_command: com.creek.catering.CateringApplication
java_class_path (initial): D:\eclipse-jee-2021-06-R-win32-x86_64\workspace\catering\target\classes;C:\Users\Udaykumar.Appam\.m2\repository\org\springframework\boot\spring-boot-starter\2.7.3\spring-boot-starter-2.7.3.jar;C:\Users\Udaykumar.Appam\.m2\repository\org\springframework\boot\spring-boot\2.7.3\spring-boot-2.7.3.jar;C:\Users\Udaykumar.Appam\.m2\repository\org\springframework\spring-context\5.3.22\spring-context-5.3.22.jar;C:\Users\Udaykumar.Appam\.m2\repository\org\springframework\boot\spring-boot-autoconfigure\2.7.3\spring-boot-autoconfigure-2.7.3.jar;C:\Users\Udaykumar.Appam\.m2\repository\org\springframework\boot\spring-boot-starter-logging\2.7.3\spring-boot-starter-logging-2.7.3.jar;C:\Users\Udaykumar.Appam\.m2\repository\ch\qos\logback\logback-classic\1.2.11\logback-classic-1.2.11.jar;C:\Users\Udaykumar.Appam\.m2\repository\ch\qos\logback\logback-core\1.2.11\logback-core-1.2.11.jar;C:\Users\Udaykumar.Appam\.m2\repository\org\apache\logging\log4j\log4j-to-slf4j\2.17.2\log4j-to-slf4j-2.17.2.jar;C:\Users\Udaykumar.Appam\.m2\repository\org\apache\logging\log4j\log4j-api\2.17.2\log4j-api-2.17.2.jar;C:\Users\Udaykumar.Appam\.m2\repository\org\slf4j\jul-to-slf4j\1.7.36\jul-to-slf4j-1.7.36.jar;C:\Users\Udaykumar.Appam\.m2\repository\jakarta\annotation\jakarta.annotation-api\1.3.5\jakarta.annotation-api-1.3.5.jar;C:\Users\Udaykumar.Appam\.m2\repository\org\springframework\spring-core\5.3.22\spring-core-5.3.22.jar;C:\Users\Udaykumar.Appam\.m2\repository\org\springframework\spring-jcl\5.3.22\spring-jcl-5.3.22.jar;C:\Users\Udaykumar.Appam\.m2\repository\org\yaml\snakeyaml\1.30\snakeyaml-1.30.jar;C:\Users\Udaykumar.Appam\.m2\repository\org\springframework\boot\spring-boot-starter-web\2.7.3\spring-boot-starter-web-2.7.3.jar;C:\Users\Udaykumar.Appam\.m2\repository\org\springframework\boot\spring-boot-starter-json\2.7.3\spring-boot-starter-json-2.7.3.jar;C:\Users\Udaykumar.Appam\.m2\repository\com\fasterxml\jackson\core\jackson-databind\2.13.3\jackson-databind-2.13.3.
Launcher Type: SUN_STANDARD

[Global flags]
     intx CICompilerCount                          = 4                                         {product} {ergonomic}
     uint ConcGCThreads                            = 2                                         {product} {ergonomic}
     uint G1ConcRefinementThreads                  = 8                                         {product} {ergonomic}
   size_t G1HeapRegionSize                         = 2097152                                   {product} {ergonomic}
    uintx GCDrainStackTargetSize                   = 64                                        {product} {ergonomic}
   size_t InitialHeapSize                          = 264241152                                 {product} {ergonomic}
   size_t MarkStackSize                            = 4194304                                   {product} {ergonomic}
   size_t MaxHeapSize                              = 4223664128                                {product} {ergonomic}
   size_t MaxNewSize                               = 2533359616                                {product} {ergonomic}
   size_t MinHeapDeltaBytes                        = 2097152                                   {product} {ergonomic}
   size_t MinHeapSize                              = 8388608                                   {product} {ergonomic}
    uintx NonNMethodCodeHeapSize                   = 5839372                                {pd product} {ergonomic}
    uintx NonProfiledCodeHeapSize                  = 122909434                              {pd product} {ergonomic}
    uintx ProfiledCodeHeapSize                     = 122909434                              {pd product} {ergonomic}
    uintx ReservedCodeCacheSize                    = 251658240                              {pd product} {ergonomic}
     bool SegmentedCodeCache                       = true                                      {product} {ergonomic}
     bool ShowCodeDetailsInExceptionMessages       = true                                   {manageable} {command line}
   size_t SoftMaxHeapSize                          = 4223664128                             {manageable} {ergonomic}
     bool UseCompressedClassPointers               = true                           {product lp64_product} {ergonomic}
     bool UseCompressedOops                        = true                           {product lp64_product} {ergonomic}
     bool UseG1GC                                  = true                                      {product} {ergonomic}
     bool UseLargePagesIndividualAllocation        = false                                  {pd product} {ergonomic}

Logging:
Log output configuration:
 #0: stdout all=warning uptime,level,tags
 #1: stderr all=off uptime,level,tags

Environment Variables:
PATH=D:\eclipse-jee-2021-06-R-win32-x86_64\eclipse\plugins\org.eclipse.justj.openjdk.hotspot.jre.full.win32.x86_64_16.0.1.v20210528-1205\jre\bin;D:/eclipse-jee-2021-06-R-win32-x86_64/eclipse//plugins/org.eclipse.justj.openjdk.hotspot.jre.full.win32.x86_64_16.0.1.v20210528-1205/jre/bin/server;D:/eclipse-jee-2021-06-R-win32-x86_64/eclipse//plugins/org.eclipse.justj.openjdk.hotspot.jre.full.win32.x86_64_16.0.1.v20210528-1205/jre/bin;C:\Program Files (x86)\Common Files\Oracle\Java\javapath;C:\WINDOWS\system32;C:\WINDOWS;C:\WINDOWS\System32\Wbem;C:\WINDOWS\System32\WindowsPowerShell\v1.0\;C:\WINDOWS\System32\OpenSSH\;C:\Users\Udaykumar.Appam\AppData\Roaming\nvm;C:\Program Files\nodejs;C:\Users\Udaykumar.Appam\AppData\Roaming\nvm;C:\Users\Udaykumar.Appam\AppData\Local\Programs\Python\Python310;C:\Program Files\dotnet\;C:\Program Files\MySQL\MySQL Shell 8.0\bin\;C:\Ruby31-x64\bin;C:\Users\Udaykumar.Appam\AppData\Local\Programs\Python\Python27\Scripts\;C:\Users\Udaykumar.Appam\AppData\Local\Programs\Python\Python27\;C:\Users\Udaykumar.Appam\AppData\Local\Microsoft\WindowsApps;C:\Users\Udaykumar.Appam\AppData\Local\Programs\Git\cmd;C:\Users\Udaykumar.Appam\AppData\Local\Programs\Microsoft VS Code\bin;;D:\eclipse-jee-2021-06-R-win32-x86_64\eclipse;
USERNAME=Udaykumar.Appam
OS=Windows_NT
PROCESSOR_IDENTIFIER=Intel64 Family 6 Model 140 Stepping 1, GenuineIntel



---------------  S Y S T E M  ---------------

OS:
 Windows 10 , 64 bit Build 22000 (10.0.22000.708)
OS uptime: 1 days 0:07 hours
Hyper-V role detected

CPU: total 8 (initial active 8) (4 cores per cpu, 2 threads per core) family 6 model 140 stepping 1 microcode 0xa4, cx8, cmov, fxsr, ht, mmx, 3dnowpref, sse, sse2, sse3, ssse3, sse4.1, sse4.2, popcnt, lzcnt, tsc, tscinvbit, avx, avx2, aes, erms, clmul, bmi1, bmi2, adx, avx512f, avx512dq, avx512cd, avx512bw, avx512vl, sha, fma, vzeroupper, avx512_vpopcntdq, avx512_vpclmulqdq, avx512_vaes, avx512_vnni, clflush, clflushopt, clwb, avx512_vmbi2, avx512_vmbi, hv

Memory: 4k page, system-wide physical 16106M (2987M free)
TotalPageFile size 28394M (AvailPageFile size 10050M)
current process WorkingSet (physical memory assigned to process): 173M, peak: 309M
current process commit charge ("private bytes"): 214M, peak: 421M

vm_info: OpenJDK 64-Bit Server VM (16.0.1+9-24) for windows-amd64 JRE (16.0.1+9-24), built on Mar 26 2021 19:30:07 by "mach5one" with MS VC++ 16.7 (VS2019)

END.
